<?xml version="1.0" encoding="UTF-8"?>
<testng-results ignored="0" total="1" passed="1" failed="0" skipped="0">
  <reporter-output>
    <line>
      <![CDATA[Book Page Successfully]]>
    </line>
    <line>
      <![CDATA[Fiction Page Successfully]]>
    </line>
    <line>
      <![CDATA[Wishlist Page Successfully]]>
    </line>
  </reporter-output>
  <suite started-at="2024-07-26T11:30:06 IST" name="Default suite" finished-at="2024-07-26T11:30:33 IST" duration-ms="26789">
    <groups>
      <group name="smoke">
        <method signature="WishList.Verify_user_is_able_To_Add_Product_To_Wishlist()[pri:0, instance:TestScripts.WishList@593aaf41]" name="Verify_user_is_able_To_Add_Product_To_Wishlist" class="TestScripts.WishList"/>
      </group> <!-- smoke -->
    </groups>
    <test started-at="2024-07-26T11:30:06 IST" name="Default test" finished-at="2024-07-26T11:30:33 IST" duration-ms="26789">
      <class name="TestScripts.WishList">
        <test-method is-config="true" signature="launchTheBrowser()[pri:0, instance:TestScripts.WishList@593aaf41]" started-at="2024-07-26T11:30:06 IST" name="launchTheBrowser" finished-at="2024-07-26T11:30:18 IST" duration-ms="12155" status="PASS">
          <reporter-output>
          </reporter-output>
        </test-method> <!-- launchTheBrowser -->
        <test-method is-config="true" signature="performLogin()[pri:0, instance:TestScripts.WishList@593aaf41]" started-at="2024-07-26T11:30:18 IST" name="performLogin" finished-at="2024-07-26T11:30:24 IST" duration-ms="5533" status="PASS">
          <reporter-output>
          </reporter-output>
        </test-method> <!-- performLogin -->
        <test-method signature="Verify_user_is_able_To_Add_Product_To_Wishlist()[pri:0, instance:TestScripts.WishList@593aaf41]" started-at="2024-07-26T11:30:24 IST" name="Verify_user_is_able_To_Add_Product_To_Wishlist" finished-at="2024-07-26T11:30:33 IST" duration-ms="8859" status="PASS">
          <reporter-output>
            <line>
              <![CDATA[Book Page Successfully]]>
            </line>
            <line>
              <![CDATA[Fiction Page Successfully]]>
            </line>
            <line>
              <![CDATA[Wishlist Page Successfully]]>
            </line>
          </reporter-output>
        </test-method> <!-- Verify_user_is_able_To_Add_Product_To_Wishlist -->
        <test-method is-config="true" signature="closeTheBrowser()[pri:0, instance:TestScripts.WishList@593aaf41]" started-at="2024-07-26T11:30:33 IST" name="closeTheBrowser" finished-at="2024-07-26T11:30:33 IST" duration-ms="157" status="PASS">
          <reporter-output>
          </reporter-output>
        </test-method> <!-- closeTheBrowser -->
        <test-method is-config="true" signature="performLogout()[pri:0, instance:TestScripts.WishList@593aaf41]" started-at="2024-07-26T11:30:33 IST" name="performLogout" finished-at="2024-07-26T11:30:33 IST" duration-ms="0" status="PASS">
          <reporter-output>
          </reporter-output>
        </test-method> <!-- performLogout -->
      </class> <!-- TestScripts.WishList -->
    </test> <!-- Default test -->
  </suite> <!-- Default suite -->
</testng-results>
